<?xml version="1.0" encoding="UTF-8"?>
<!-- Generated by org.testng.reporters.JUnitReportReporter -->
<testsuite hostname="LAPTOP-5C797KKJ" failures="0" tests="2" name="TestNG.DataProviderDemo" time="17.727" errors="0" timestamp="2022-07-06T09:36:41 IST" skipped="0">
  <testcase classname="TestNG.DataProviderDemo" name="login" time="13.011"/>
  <system-out/>
  <testcase classname="TestNG.DataProviderDemo" name="login" time="4.716"/>
  <system-out/>
</testsuite> <!-- TestNG.DataProviderDemo -->
