<?xml version="1.0" encoding="UTF-8"?>
<!-- Generated by org.testng.reporters.JUnitReportReporter -->
<testsuite hostname="LAPTOP-5C797KKJ" failures="0" tests="1" name="TestNG.DataProvider" time="2.195" errors="0" timestamp="2022-07-06T09:24:06 IST" skipped="0">
  <testcase classname="TestNG.DataProvider" name="login" time="2.195"/>
  <system-out/>
</testsuite> <!-- TestNG.DataProvider -->
